Running: D:\Xilinx\14.7\ISE_DS\ISE\bin\nt64\unwrapped\fuse.exe -intstyle ise -incremental -lib secureip -o C:/Users/DELL/Desktop/Projet_VHDL_Feu_Carrefour_B19/test_bench_flicker_isim_beh.exe -prj C:/Users/DELL/Desktop/Projet_VHDL_Feu_Carrefour_B19/test_bench_flicker_beh.prj work.test_bench_flicker 
ISim P.20131013 (signature 0x7708f090)
Number of CPUs detected in this system: 8
Turning on mult-threading, number of parallel sub-compilation jobs: 16 
Determining compilation order of HDL files
Parsing VHDL file "C:/Users/DELL/Desktop/Projet_VHDL_Feu_Carrefour_B19/Feu_de_Carrefour.vhd" into library work
Parsing VHDL file "C:/Users/DELL/Desktop/Projet_VHDL_Feu_Carrefour_B19/Test_bench_Feu_de_Carrefour.vhd" into library work
Starting static elaboration
Completed static elaboration
Compiling package standard
Compiling package std_logic_1164
Compiling package numeric_std
Compiling architecture behavioral of entity traffic_lights [traffic_lights_default]
Compiling architecture behavior of entity test_bench_flicker
Time Resolution for simulation is 1ps.
Waiting for 1 sub-compilation(s) to finish...
Compiled 6 VHDL Units
Built simulation executable C:/Users/DELL/Desktop/Projet_VHDL_Feu_Carrefour_B19/test_bench_flicker_isim_beh.exe
Fuse Memory Usage: 34956 KB
Fuse CPU Usage: 858 ms
